<?xml version="1.0" encoding="UTF-8"?><testsuite errors="0" failures="1" name="Reporte petroleo" skipped="0" tests="1" time="34.68" timestamp="2022-05-22 11:49:13"><testcase name="Descargar reporte de petroleo"><failure message="Expected enabled element was not enabled&#10;Build info: version: '3.141.59', revision: 'e82be7d358', time: '2018-11-14T08:17:03'&#10;System info: host: 'SSMED5CG1100JY9', ip: '192.168.1.7', os.name: 'Windows 10', os.arch: 'amd64', os.version: '10.0', java.version: '1.8.0_251'&#10;Driver info: driver.version: unknown" type="net.thucydides.core.webdriver.exceptions.ElementShouldBeEnabledException">Expected enabled element was not enabled
Build info: version: '3.141.59', revision: 'e82be7d358', time: '2018-11-14T08:17:03'
System info: host: 'SSMED5CG1100JY9', ip: '192.168.1.7', os.name: 'Windows 10', os.arch: 'amd64', os.version: '10.0', java.version: '1.8.0_251'
Driver info: driver.version: unknown</failure><system-err>Expected enabled element was not enabled
    Build info: version: '3.141.59', revision: 'e82be7d358', time: '2018-11-14T08:17:03'
    System info: host: 'SSMED5CG1100JY9', ip: '192.168.1.7', os.name: 'Windows 10', os.arch: 'amd64', os.version:
    '10.0', java.version: '1.8.0_251'
    Driver info: driver.version: unknown&#13;
    co.sophos.banitsmo.certificate.stepsdefinitions.ReportePetroleoStepsDefinitions.seleccionaOpcionActualidad(ReportePetroleoStepsDefinitions.java:55)&#13;
    ✽.Se selecciona la opcion actualidad economica(src/test/resources/features/reportepetroleo.feature:8)&#13;
</system-err></testcase></testsuite>